Arguments: 
  C:\Program Files\nodejs\node.exe C:\Users\thoma\AppData\Roaming\npm\node_modules\yarn\bin\yarn.js add @hotwired/turbo-rails

PATH: 
  C:/Ruby31-x64/lib/ruby/gems/3.1.0/bin;C:\Users\thoma\bin;D:\Git\mingw64\bin;D:\Git\usr\local\bin;D:\Git\usr\bin;C:\Program Files (x86)\Intel\iCLS Client;C:\Program Files\Intel\iCLS Client;C:\WINDOWS\system32;C:\WINDOWS;C:\WINDOWS\System32\Wbem;C:\WINDOWS\System32\WindowsPowerShell\v1.0;C:\Program Files (x86)\Intel\Intel(R) Management Engine Components\DAL;C:\Program Files\Intel\Intel(R) Management Engine Components\DAL;C:\Program Files (x86)\Intel\Intel(R) Management Engine Components\IPT;C:\Program Files\Intel\Intel(R) Management Engine Components\IPT;C:\WINDOWS\System32\OpenSSH;C:\Users\thoma\AppData\Roaming\nvm;C:\Program Files\nodejs;D:\Git\cmd;C:\sqlite;C:\Ruby31-x64\bin;C:\Users\thoma\AppData\Local\Microsoft\WindowsApps;C:\Users\thoma\AppData\Local\Programs\Microsoft VS Code\bin;C:\Users\thoma\AppData\Roaming\npm;D:\Git\usr\bin\vendor_perl;D:\Git\usr\bin\core_perl

Yarn version: 
  1.22.19

Node version: 
  16.19.0

Platform: 
  win32 x64

Trace: 
  Error: EEXIST: file already exists, mkdir 'G:\Mon Drive\OpenClassrooms Full Stack\Projet 6 FitnessApp (HTML, CSS, Bootstrap, Ruby on Rails, Devise)\mooveandgroove\node_modules\@hotwired'

npm manifest: 
  {
    "name": "app",
    "private": "true",
    "scripts": {
      "build": "esbuild app/javascript/*.* --bundle --sourcemap --outdir=app/assets/builds --public-path=assets"
    }
  }

yarn manifest: 
  No manifest

Lockfile: 
  No lockfile
